2025-07-11 13:50:05 info: 🚀 Server running in development mode on port 5000
2025-07-11 13:50:05 info: MongoDB Connected: 127.0.0.1
2025-07-11 14:21:03 error: Error: Multipart: Boundary not found
    at new Multipart (C:\Users\felix\AgriLink\server\node_modules\.pnpm\busboy@1.6.0\node_modules\busboy\lib\types\multipart.js:233:13)
    at getInstance (C:\Users\felix\AgriLink\server\node_modules\.pnpm\busboy@1.6.0\node_modules\busboy\lib\index.js:33:12)
    at module.exports (C:\Users\felix\AgriLink\server\node_modules\.pnpm\busboy@1.6.0\node_modules\busboy\lib\index.js:56:10)
    at multerMiddleware (C:\Users\felix\AgriLink\server\node_modules\.pnpm\multer@2.0.1\node_modules\multer\lib\make-middleware.js:38:16)
    at Layer.handleRequest (C:\Users\felix\AgriLink\server\node_modules\.pnpm\router@2.2.0\node_modules\router\lib\layer.js:152:17)
    at next (C:\Users\felix\AgriLink\server\node_modules\.pnpm\router@2.2.0\node_modules\router\lib\route.js:157:13)
    at file:///C:/Users/felix/AgriLink/server/middleware/auth.js:30:5
    at Layer.handleRequest (C:\Users\felix\AgriLink\server\node_modules\.pnpm\router@2.2.0\node_modules\router\lib\layer.js:152:17)
    at next (C:\Users\felix\AgriLink\server\node_modules\.pnpm\router@2.2.0\node_modules\router\lib\route.js:157:13)
    at protect (file:///C:/Users/felix/AgriLink/server/middleware/auth.js:19:5)
2025-07-11 14:21:51 error: Error: Multipart: Boundary not found
    at new Multipart (C:\Users\felix\AgriLink\server\node_modules\.pnpm\busboy@1.6.0\node_modules\busboy\lib\types\multipart.js:233:13)
    at getInstance (C:\Users\felix\AgriLink\server\node_modules\.pnpm\busboy@1.6.0\node_modules\busboy\lib\index.js:33:12)
    at module.exports (C:\Users\felix\AgriLink\server\node_modules\.pnpm\busboy@1.6.0\node_modules\busboy\lib\index.js:56:10)
    at multerMiddleware (C:\Users\felix\AgriLink\server\node_modules\.pnpm\multer@2.0.1\node_modules\multer\lib\make-middleware.js:38:16)
    at Layer.handleRequest (C:\Users\felix\AgriLink\server\node_modules\.pnpm\router@2.2.0\node_modules\router\lib\layer.js:152:17)
    at next (C:\Users\felix\AgriLink\server\node_modules\.pnpm\router@2.2.0\node_modules\router\lib\route.js:157:13)
    at file:///C:/Users/felix/AgriLink/server/middleware/auth.js:30:5
    at Layer.handleRequest (C:\Users\felix\AgriLink\server\node_modules\.pnpm\router@2.2.0\node_modules\router\lib\layer.js:152:17)
    at next (C:\Users\felix\AgriLink\server\node_modules\.pnpm\router@2.2.0\node_modules\router\lib\route.js:157:13)
    at protect (file:///C:/Users/felix/AgriLink/server/middleware/auth.js:19:5)
2025-07-11 14:48:42 error: Error: Multipart: Boundary not found
    at new Multipart (C:\Users\felix\AgriLink\server\node_modules\.pnpm\busboy@1.6.0\node_modules\busboy\lib\types\multipart.js:233:13)
    at getInstance (C:\Users\felix\AgriLink\server\node_modules\.pnpm\busboy@1.6.0\node_modules\busboy\lib\index.js:33:12)
    at module.exports (C:\Users\felix\AgriLink\server\node_modules\.pnpm\busboy@1.6.0\node_modules\busboy\lib\index.js:56:10)
    at multerMiddleware (C:\Users\felix\AgriLink\server\node_modules\.pnpm\multer@2.0.1\node_modules\multer\lib\make-middleware.js:38:16)
    at Layer.handleRequest (C:\Users\felix\AgriLink\server\node_modules\.pnpm\router@2.2.0\node_modules\router\lib\layer.js:152:17)
    at next (C:\Users\felix\AgriLink\server\node_modules\.pnpm\router@2.2.0\node_modules\router\lib\route.js:157:13)
    at file:///C:/Users/felix/AgriLink/server/middleware/auth.js:30:5
    at Layer.handleRequest (C:\Users\felix\AgriLink\server\node_modules\.pnpm\router@2.2.0\node_modules\router\lib\layer.js:152:17)
    at next (C:\Users\felix\AgriLink\server\node_modules\.pnpm\router@2.2.0\node_modules\router\lib\route.js:157:13)
    at protect (file:///C:/Users/felix/AgriLink/server/middleware/auth.js:19:5)
2025-07-11 14:57:14 error: Error: Multipart: Boundary not found
    at new Multipart (C:\Users\felix\AgriLink\server\node_modules\.pnpm\busboy@1.6.0\node_modules\busboy\lib\types\multipart.js:233:13)
    at getInstance (C:\Users\felix\AgriLink\server\node_modules\.pnpm\busboy@1.6.0\node_modules\busboy\lib\index.js:33:12)
    at module.exports (C:\Users\felix\AgriLink\server\node_modules\.pnpm\busboy@1.6.0\node_modules\busboy\lib\index.js:56:10)
    at multerMiddleware (C:\Users\felix\AgriLink\server\node_modules\.pnpm\multer@2.0.1\node_modules\multer\lib\make-middleware.js:38:16)
    at Layer.handleRequest (C:\Users\felix\AgriLink\server\node_modules\.pnpm\router@2.2.0\node_modules\router\lib\layer.js:152:17)
    at next (C:\Users\felix\AgriLink\server\node_modules\.pnpm\router@2.2.0\node_modules\router\lib\route.js:157:13)
    at file:///C:/Users/felix/AgriLink/server/middleware/auth.js:30:5
    at Layer.handleRequest (C:\Users\felix\AgriLink\server\node_modules\.pnpm\router@2.2.0\node_modules\router\lib\layer.js:152:17)
    at next (C:\Users\felix\AgriLink\server\node_modules\.pnpm\router@2.2.0\node_modules\router\lib\route.js:157:13)
    at protect (file:///C:/Users/felix/AgriLink/server/middleware/auth.js:19:5)
2025-07-11 15:03:36 error: Error: Multipart: Boundary not found
    at new Multipart (C:\Users\felix\AgriLink\server\node_modules\.pnpm\busboy@1.6.0\node_modules\busboy\lib\types\multipart.js:233:13)
    at getInstance (C:\Users\felix\AgriLink\server\node_modules\.pnpm\busboy@1.6.0\node_modules\busboy\lib\index.js:33:12)
    at module.exports (C:\Users\felix\AgriLink\server\node_modules\.pnpm\busboy@1.6.0\node_modules\busboy\lib\index.js:56:10)
    at multerMiddleware (C:\Users\felix\AgriLink\server\node_modules\.pnpm\multer@2.0.1\node_modules\multer\lib\make-middleware.js:38:16)
    at Layer.handleRequest (C:\Users\felix\AgriLink\server\node_modules\.pnpm\router@2.2.0\node_modules\router\lib\layer.js:152:17)
    at next (C:\Users\felix\AgriLink\server\node_modules\.pnpm\router@2.2.0\node_modules\router\lib\route.js:157:13)
    at file:///C:/Users/felix/AgriLink/server/middleware/auth.js:30:5
    at Layer.handleRequest (C:\Users\felix\AgriLink\server\node_modules\.pnpm\router@2.2.0\node_modules\router\lib\layer.js:152:17)
    at next (C:\Users\felix\AgriLink\server\node_modules\.pnpm\router@2.2.0\node_modules\router\lib\route.js:157:13)
    at protect (file:///C:/Users/felix/AgriLink/server/middleware/auth.js:19:5)
2025-07-11 15:04:35 error: Error: Multipart: Boundary not found
    at new Multipart (C:\Users\felix\AgriLink\server\node_modules\.pnpm\busboy@1.6.0\node_modules\busboy\lib\types\multipart.js:233:13)
    at getInstance (C:\Users\felix\AgriLink\server\node_modules\.pnpm\busboy@1.6.0\node_modules\busboy\lib\index.js:33:12)
    at module.exports (C:\Users\felix\AgriLink\server\node_modules\.pnpm\busboy@1.6.0\node_modules\busboy\lib\index.js:56:10)
    at multerMiddleware (C:\Users\felix\AgriLink\server\node_modules\.pnpm\multer@2.0.1\node_modules\multer\lib\make-middleware.js:38:16)
    at Layer.handleRequest (C:\Users\felix\AgriLink\server\node_modules\.pnpm\router@2.2.0\node_modules\router\lib\layer.js:152:17)
    at next (C:\Users\felix\AgriLink\server\node_modules\.pnpm\router@2.2.0\node_modules\router\lib\route.js:157:13)
    at file:///C:/Users/felix/AgriLink/server/middleware/auth.js:30:5
    at Layer.handleRequest (C:\Users\felix\AgriLink\server\node_modules\.pnpm\router@2.2.0\node_modules\router\lib\layer.js:152:17)
    at next (C:\Users\felix\AgriLink\server\node_modules\.pnpm\router@2.2.0\node_modules\router\lib\route.js:157:13)
    at protect (file:///C:/Users/felix/AgriLink/server/middleware/auth.js:19:5)
2025-07-11 15:04:56 error: Error: Multipart: Boundary not found
    at new Multipart (C:\Users\felix\AgriLink\server\node_modules\.pnpm\busboy@1.6.0\node_modules\busboy\lib\types\multipart.js:233:13)
    at getInstance (C:\Users\felix\AgriLink\server\node_modules\.pnpm\busboy@1.6.0\node_modules\busboy\lib\index.js:33:12)
    at module.exports (C:\Users\felix\AgriLink\server\node_modules\.pnpm\busboy@1.6.0\node_modules\busboy\lib\index.js:56:10)
    at multerMiddleware (C:\Users\felix\AgriLink\server\node_modules\.pnpm\multer@2.0.1\node_modules\multer\lib\make-middleware.js:38:16)
    at Layer.handleRequest (C:\Users\felix\AgriLink\server\node_modules\.pnpm\router@2.2.0\node_modules\router\lib\layer.js:152:17)
    at next (C:\Users\felix\AgriLink\server\node_modules\.pnpm\router@2.2.0\node_modules\router\lib\route.js:157:13)
    at file:///C:/Users/felix/AgriLink/server/middleware/auth.js:30:5
    at Layer.handleRequest (C:\Users\felix\AgriLink\server\node_modules\.pnpm\router@2.2.0\node_modules\router\lib\layer.js:152:17)
    at next (C:\Users\felix\AgriLink\server\node_modules\.pnpm\router@2.2.0\node_modules\router\lib\route.js:157:13)
    at protect (file:///C:/Users/felix/AgriLink/server/middleware/auth.js:19:5)
2025-07-11 15:04:57 error: Error: Multipart: Boundary not found
    at new Multipart (C:\Users\felix\AgriLink\server\node_modules\.pnpm\busboy@1.6.0\node_modules\busboy\lib\types\multipart.js:233:13)
    at getInstance (C:\Users\felix\AgriLink\server\node_modules\.pnpm\busboy@1.6.0\node_modules\busboy\lib\index.js:33:12)
    at module.exports (C:\Users\felix\AgriLink\server\node_modules\.pnpm\busboy@1.6.0\node_modules\busboy\lib\index.js:56:10)
    at multerMiddleware (C:\Users\felix\AgriLink\server\node_modules\.pnpm\multer@2.0.1\node_modules\multer\lib\make-middleware.js:38:16)
    at Layer.handleRequest (C:\Users\felix\AgriLink\server\node_modules\.pnpm\router@2.2.0\node_modules\router\lib\layer.js:152:17)
    at next (C:\Users\felix\AgriLink\server\node_modules\.pnpm\router@2.2.0\node_modules\router\lib\route.js:157:13)
    at file:///C:/Users/felix/AgriLink/server/middleware/auth.js:30:5
    at Layer.handleRequest (C:\Users\felix\AgriLink\server\node_modules\.pnpm\router@2.2.0\node_modules\router\lib\layer.js:152:17)
    at next (C:\Users\felix\AgriLink\server\node_modules\.pnpm\router@2.2.0\node_modules\router\lib\route.js:157:13)
    at protect (file:///C:/Users/felix/AgriLink/server/middleware/auth.js:19:5)
2025-07-11 15:05:16 error: Error: Multipart: Boundary not found
    at new Multipart (C:\Users\felix\AgriLink\server\node_modules\.pnpm\busboy@1.6.0\node_modules\busboy\lib\types\multipart.js:233:13)
    at getInstance (C:\Users\felix\AgriLink\server\node_modules\.pnpm\busboy@1.6.0\node_modules\busboy\lib\index.js:33:12)
    at module.exports (C:\Users\felix\AgriLink\server\node_modules\.pnpm\busboy@1.6.0\node_modules\busboy\lib\index.js:56:10)
    at multerMiddleware (C:\Users\felix\AgriLink\server\node_modules\.pnpm\multer@2.0.1\node_modules\multer\lib\make-middleware.js:38:16)
    at Layer.handleRequest (C:\Users\felix\AgriLink\server\node_modules\.pnpm\router@2.2.0\node_modules\router\lib\layer.js:152:17)
    at next (C:\Users\felix\AgriLink\server\node_modules\.pnpm\router@2.2.0\node_modules\router\lib\route.js:157:13)
    at file:///C:/Users/felix/AgriLink/server/middleware/auth.js:30:5
    at Layer.handleRequest (C:\Users\felix\AgriLink\server\node_modules\.pnpm\router@2.2.0\node_modules\router\lib\layer.js:152:17)
    at next (C:\Users\felix\AgriLink\server\node_modules\.pnpm\router@2.2.0\node_modules\router\lib\route.js:157:13)
    at protect (file:///C:/Users/felix/AgriLink/server/middleware/auth.js:19:5)
2025-07-11 15:15:42 info: 🚀 Server running in development mode on port 5000
2025-07-11 15:15:42 info: MongoDB Connected: 127.0.0.1
2025-07-11 16:02:03 error: MulterError: Unexpected field
    at wrappedFileFilter (C:\Users\felix\AgriLink\server\node_modules\.pnpm\multer@2.0.1\node_modules\multer\index.js:40:19)
    at Multipart.<anonymous> (C:\Users\felix\AgriLink\server\node_modules\.pnpm\multer@2.0.1\node_modules\multer\lib\make-middleware.js:123:7)
    at Multipart.emit (node:events:524:28)
    at HeaderParser.cb (C:\Users\felix\AgriLink\server\node_modules\.pnpm\busboy@1.6.0\node_modules\busboy\lib\types\multipart.js:358:14)
    at HeaderParser.push (C:\Users\felix\AgriLink\server\node_modules\.pnpm\busboy@1.6.0\node_modules\busboy\lib\types\multipart.js:162:20)
    at SBMH.ssCb [as _cb] (C:\Users\felix\AgriLink\server\node_modules\.pnpm\busboy@1.6.0\node_modules\busboy\lib\types\multipart.js:394:37)
    at feed (C:\Users\felix\AgriLink\server\node_modules\.pnpm\streamsearch@1.1.0\node_modules\streamsearch\lib\sbmh.js:200:10)
    at SBMH.push (C:\Users\felix\AgriLink\server\node_modules\.pnpm\streamsearch@1.1.0\node_modules\streamsearch\lib\sbmh.js:104:16)
    at Multipart._write (C:\Users\felix\AgriLink\server\node_modules\.pnpm\busboy@1.6.0\node_modules\busboy\lib\types\multipart.js:567:19)
    at writeOrBuffer (node:internal/streams/writable:572:12)
2025-07-11 16:07:53 error: Error: Must supply api_key
    at ensureOption (C:\Users\felix\AgriLink\server\node_modules\.pnpm\cloudinary@2.7.0\node_modules\cloudinary\lib\utils\ensureOption.js:19:13)
    at Object.sign_request (C:\Users\felix\AgriLink\server\node_modules\.pnpm\cloudinary@2.7.0\node_modules\cloudinary\lib\utils\index.js:1151:16)
    at Object.process_request_params (C:\Users\felix\AgriLink\server\node_modules\.pnpm\cloudinary@2.7.0\node_modules\cloudinary\lib\utils\index.js:1203:22)
    at call_api (C:\Users\felix\AgriLink\server\node_modules\.pnpm\cloudinary@2.7.0\node_modules\cloudinary\lib\uploader.js:474:18)
    at Object.upload (C:\Users\felix\AgriLink\server\node_modules\.pnpm\cloudinary@2.7.0\node_modules\cloudinary\lib\uploader.js:53:10)
    at Object.upload_stream (C:\Users\felix\AgriLink\server\node_modules\.pnpm\cloudinary@2.7.0\node_modules\cloudinary\lib\uploader.js:40:18)
    at Object.upload_stream (C:\Users\felix\AgriLink\server\node_modules\.pnpm\cloudinary@2.7.0\node_modules\cloudinary\lib\utils\index.js:1400:21)
    at C:\Users\felix\AgriLink\server\node_modules\.pnpm\multer-storage-cloudinary@4.0.0_cloudinary@2.7.0\node_modules\multer-storage-cloudinary\lib\index.js:128:52
    at new Promise (<anonymous>)
    at CloudinaryStorage.upload (C:\Users\felix\AgriLink\server\node_modules\.pnpm\multer-storage-cloudinary@4.0.0_cloudinary@2.7.0\node_modules\multer-storage-cloudinary\lib\index.js:127:16)
2025-07-11 16:14:32 error: Error: Must supply api_key
    at ensureOption (C:\Users\felix\AgriLink\server\node_modules\.pnpm\cloudinary@2.7.0\node_modules\cloudinary\lib\utils\ensureOption.js:19:13)
    at Object.sign_request (C:\Users\felix\AgriLink\server\node_modules\.pnpm\cloudinary@2.7.0\node_modules\cloudinary\lib\utils\index.js:1151:16)
    at Object.process_request_params (C:\Users\felix\AgriLink\server\node_modules\.pnpm\cloudinary@2.7.0\node_modules\cloudinary\lib\utils\index.js:1203:22)
    at call_api (C:\Users\felix\AgriLink\server\node_modules\.pnpm\cloudinary@2.7.0\node_modules\cloudinary\lib\uploader.js:474:18)
    at Object.upload (C:\Users\felix\AgriLink\server\node_modules\.pnpm\cloudinary@2.7.0\node_modules\cloudinary\lib\uploader.js:53:10)
    at Object.upload_stream (C:\Users\felix\AgriLink\server\node_modules\.pnpm\cloudinary@2.7.0\node_modules\cloudinary\lib\uploader.js:40:18)
    at Object.upload_stream (C:\Users\felix\AgriLink\server\node_modules\.pnpm\cloudinary@2.7.0\node_modules\cloudinary\lib\utils\index.js:1400:21)
    at C:\Users\felix\AgriLink\server\node_modules\.pnpm\multer-storage-cloudinary@4.0.0_cloudinary@2.7.0\node_modules\multer-storage-cloudinary\lib\index.js:128:52
    at new Promise (<anonymous>)
    at CloudinaryStorage.upload (C:\Users\felix\AgriLink\server\node_modules\.pnpm\multer-storage-cloudinary@4.0.0_cloudinary@2.7.0\node_modules\multer-storage-cloudinary\lib\index.js:127:16)
2025-07-11 16:17:39 error: Error: Must supply api_key
    at ensureOption (C:\Users\felix\AgriLink\server\node_modules\.pnpm\cloudinary@2.7.0\node_modules\cloudinary\lib\utils\ensureOption.js:19:13)
    at Object.sign_request (C:\Users\felix\AgriLink\server\node_modules\.pnpm\cloudinary@2.7.0\node_modules\cloudinary\lib\utils\index.js:1151:16)
    at Object.process_request_params (C:\Users\felix\AgriLink\server\node_modules\.pnpm\cloudinary@2.7.0\node_modules\cloudinary\lib\utils\index.js:1203:22)
    at call_api (C:\Users\felix\AgriLink\server\node_modules\.pnpm\cloudinary@2.7.0\node_modules\cloudinary\lib\uploader.js:474:18)
    at Object.upload (C:\Users\felix\AgriLink\server\node_modules\.pnpm\cloudinary@2.7.0\node_modules\cloudinary\lib\uploader.js:53:10)
    at Object.upload_stream (C:\Users\felix\AgriLink\server\node_modules\.pnpm\cloudinary@2.7.0\node_modules\cloudinary\lib\uploader.js:40:18)
    at Object.upload_stream (C:\Users\felix\AgriLink\server\node_modules\.pnpm\cloudinary@2.7.0\node_modules\cloudinary\lib\utils\index.js:1400:21)
    at C:\Users\felix\AgriLink\server\node_modules\.pnpm\multer-storage-cloudinary@4.0.0_cloudinary@2.7.0\node_modules\multer-storage-cloudinary\lib\index.js:128:52
    at new Promise (<anonymous>)
    at CloudinaryStorage.upload (C:\Users\felix\AgriLink\server\node_modules\.pnpm\multer-storage-cloudinary@4.0.0_cloudinary@2.7.0\node_modules\multer-storage-cloudinary\lib\index.js:127:16)
2025-07-11 16:18:56 info: 🚀 Server running in development mode on port 5000
2025-07-11 16:18:56 info: MongoDB Connected: 127.0.0.1
2025-07-11 16:19:14 error: Unhandled Rejection: Invalid cloud_name agrilink
2025-07-11 16:19:14 error: undefined
2025-07-11 16:22:27 info: 🚀 Server running in development mode on port 5000
2025-07-11 16:22:27 info: MongoDB Connected: 127.0.0.1
2025-07-11 16:22:46 error: Unhandled Rejection: Invalid cloud_name agriLink
2025-07-11 16:22:46 error: undefined
2025-07-11 16:30:03 info: 🚀 Server running in development mode on port 5000
2025-07-11 16:30:03 info: MongoDB Connected: 127.0.0.1
2025-07-11 16:35:38 info: 🚀 Server running in development mode on port 5000
2025-07-11 16:35:38 info: MongoDB Connected: 127.0.0.1
2025-07-11 16:40:11 info: 🚀 Server running in development mode on port 5000
2025-07-11 16:40:11 info: MongoDB Connected: 127.0.0.1
2025-07-11 16:41:33 info: 🚀 Server running in development mode on port 5000
2025-07-11 16:41:33 info: MongoDB Connected: 127.0.0.1
2025-07-11 17:10:04 info: 🚀 Server running in development mode on port 5000
2025-07-11 17:10:04 info: MongoDB Connected: 127.0.0.1
2025-07-11 17:22:55 info: 🚀 Server running in development mode on port 5000
2025-07-11 17:22:55 info: MongoDB Connected: 127.0.0.1
2025-07-11 17:36:58 info: 🚀 Server running in development mode on port 5000
2025-07-11 17:36:58 info: MongoDB Connected: 127.0.0.1
2025-07-11 18:02:58 info: 🚀 Server running in development mode on port 5000
2025-07-11 18:02:58 info: MongoDB Connected: 127.0.0.1
2025-07-11 18:08:55 info: 🚀 Server running in development mode on port 5000
2025-07-11 18:08:55 info: MongoDB Connected: 127.0.0.1
2025-07-11 18:13:52 info: 🚀 Server running in development mode on port 5000
2025-07-11 18:13:52 info: MongoDB Connected: 127.0.0.1
2025-07-11 18:26:46 info: 🚀 Server running in development mode on port 5000
2025-07-11 18:26:46 info: MongoDB Connected: 127.0.0.1
2025-07-11 20:26:00 info: 🚀 Server running in development mode on port 5000
2025-07-11 20:26:00 info: MongoDB Connected: 127.0.0.1
2025-07-11 20:34:10 info: 🚀 Server running in development mode on port 5000
2025-07-11 20:34:10 info: MongoDB Connected: 127.0.0.1
2025-07-11 20:38:11 info: 🚀 Server running in development mode on port 5000
2025-07-11 20:38:11 info: MongoDB Connected: 127.0.0.1
2025-07-11 21:18:39 info: 🚀 Server running in development mode on port 5000
2025-07-11 21:18:39 info: MongoDB Connected: 127.0.0.1
2025-07-11 21:48:47 info: 🚀 Server running in development mode on port 5000
2025-07-11 21:48:47 info: MongoDB Connected: 127.0.0.1
2025-07-11 22:09:00 info: 🚀 Server running in development mode on port 5000
2025-07-11 22:09:00 info: MongoDB Connected: 127.0.0.1
2025-07-11 22:13:24 info: 🚀 Server running in development mode on port 5000
2025-07-11 22:13:24 info: MongoDB Connected: 127.0.0.1
